1652931708924|7|statement|connection 185|url jdbc:mysql://localhost:3306/noticeboard?serverTimezone=Asia/Seoul|     alter table article         drop         foreign key FK6l9vkfd5ixw8o8kph5rj1k7gu|     alter table article         drop         foreign key FK6l9vkfd5ixw8o8kph5rj1k7gu
1652931708932|5|statement|connection 185|url jdbc:mysql://localhost:3306/noticeboard?serverTimezone=Asia/Seoul|     alter table article_tag         drop         foreign key FKenqeees0y8hkm7x1p1ittuuye|     alter table article_tag         drop         foreign key FKenqeees0y8hkm7x1p1ittuuye
1652931708939|6|statement|connection 185|url jdbc:mysql://localhost:3306/noticeboard?serverTimezone=Asia/Seoul|     alter table article_tag         drop         foreign key FKesqp7s9jj2wumlnhssbme5ule|     alter table article_tag         drop         foreign key FKesqp7s9jj2wumlnhssbme5ule
1652931708944|4|statement|connection 185|url jdbc:mysql://localhost:3306/noticeboard?serverTimezone=Asia/Seoul|     alter table comment         drop         foreign key FK5yx0uphgjc6ik6hb82kkw501y|     alter table comment         drop         foreign key FK5yx0uphgjc6ik6hb82kkw501y
1652931708949|4|statement|connection 185|url jdbc:mysql://localhost:3306/noticeboard?serverTimezone=Asia/Seoul|     alter table comment         drop         foreign key FKmrrrpi513ssu63i2783jyiv9m|     alter table comment         drop         foreign key FKmrrrpi513ssu63i2783jyiv9m
1652931708953|3|statement|connection 185|url jdbc:mysql://localhost:3306/noticeboard?serverTimezone=Asia/Seoul|     alter table member_article         drop         foreign key FKbs1hmlsf26g2k1qt2jkx78okr|     alter table member_article         drop         foreign key FKbs1hmlsf26g2k1qt2jkx78okr
1652931708957|4|statement|connection 185|url jdbc:mysql://localhost:3306/noticeboard?serverTimezone=Asia/Seoul|     alter table member_article         drop         foreign key FKbpoognn6x30h1aj7kdrrigcdh|     alter table member_article         drop         foreign key FKbpoognn6x30h1aj7kdrrigcdh
1652931708962|5|statement|connection 185|url jdbc:mysql://localhost:3306/noticeboard?serverTimezone=Asia/Seoul|     alter table member_followers         drop         foreign key FKhgd5lo2pst3vsx1bcoq8u7xcf|     alter table member_followers         drop         foreign key FKhgd5lo2pst3vsx1bcoq8u7xcf
1652931708967|4|statement|connection 185|url jdbc:mysql://localhost:3306/noticeboard?serverTimezone=Asia/Seoul|     alter table member_followers         drop         foreign key FKkb8dvdbcqpxes22vdkldg228k|     alter table member_followers         drop         foreign key FKkb8dvdbcqpxes22vdkldg228k
1652931708977|8|statement|connection 185|url jdbc:mysql://localhost:3306/noticeboard?serverTimezone=Asia/Seoul|     drop table if exists article|     drop table if exists article
1652931708988|7|statement|connection 185|url jdbc:mysql://localhost:3306/noticeboard?serverTimezone=Asia/Seoul|     drop table if exists article_tag|     drop table if exists article_tag
1652931708994|5|statement|connection 185|url jdbc:mysql://localhost:3306/noticeboard?serverTimezone=Asia/Seoul|     drop table if exists comment|     drop table if exists comment
1652931709002|5|statement|connection 185|url jdbc:mysql://localhost:3306/noticeboard?serverTimezone=Asia/Seoul|     drop table if exists hibernate_sequence|     drop table if exists hibernate_sequence
1652931709009|5|statement|connection 185|url jdbc:mysql://localhost:3306/noticeboard?serverTimezone=Asia/Seoul|     drop table if exists member|     drop table if exists member
1652931709017|6|statement|connection 185|url jdbc:mysql://localhost:3306/noticeboard?serverTimezone=Asia/Seoul|     drop table if exists member_article|     drop table if exists member_article
1652931709024|5|statement|connection 185|url jdbc:mysql://localhost:3306/noticeboard?serverTimezone=Asia/Seoul|     drop table if exists member_followers|     drop table if exists member_followers
1652931709031|5|statement|connection 185|url jdbc:mysql://localhost:3306/noticeboard?serverTimezone=Asia/Seoul|     drop table if exists tag|     drop table if exists tag
1652931909600|10|statement|connection 185|url jdbc:mysql://localhost:3306/noticeboard?serverTimezone=Asia/Seoul|     alter table article         drop         foreign key FK6l9vkfd5ixw8o8kph5rj1k7gu|     alter table article         drop         foreign key FK6l9vkfd5ixw8o8kph5rj1k7gu
1652931909609|6|statement|connection 185|url jdbc:mysql://localhost:3306/noticeboard?serverTimezone=Asia/Seoul|     alter table article_tag         drop         foreign key FKenqeees0y8hkm7x1p1ittuuye|     alter table article_tag         drop         foreign key FKenqeees0y8hkm7x1p1ittuuye
1652931909614|4|statement|connection 185|url jdbc:mysql://localhost:3306/noticeboard?serverTimezone=Asia/Seoul|     alter table article_tag         drop         foreign key FKesqp7s9jj2wumlnhssbme5ule|     alter table article_tag         drop         foreign key FKesqp7s9jj2wumlnhssbme5ule
1652931909621|6|statement|connection 185|url jdbc:mysql://localhost:3306/noticeboard?serverTimezone=Asia/Seoul|     alter table comment         drop         foreign key FK5yx0uphgjc6ik6hb82kkw501y|     alter table comment         drop         foreign key FK5yx0uphgjc6ik6hb82kkw501y
1652931909625|4|statement|connection 185|url jdbc:mysql://localhost:3306/noticeboard?serverTimezone=Asia/Seoul|     alter table comment         drop         foreign key FKmrrrpi513ssu63i2783jyiv9m|     alter table comment         drop         foreign key FKmrrrpi513ssu63i2783jyiv9m
1652931909630|4|statement|connection 185|url jdbc:mysql://localhost:3306/noticeboard?serverTimezone=Asia/Seoul|     alter table member_article         drop         foreign key FKbs1hmlsf26g2k1qt2jkx78okr|     alter table member_article         drop         foreign key FKbs1hmlsf26g2k1qt2jkx78okr
1652931909635|4|statement|connection 185|url jdbc:mysql://localhost:3306/noticeboard?serverTimezone=Asia/Seoul|     alter table member_article         drop         foreign key FKbpoognn6x30h1aj7kdrrigcdh|     alter table member_article         drop         foreign key FKbpoognn6x30h1aj7kdrrigcdh
1652931909641|5|statement|connection 185|url jdbc:mysql://localhost:3306/noticeboard?serverTimezone=Asia/Seoul|     alter table member_followers         drop         foreign key FKhgd5lo2pst3vsx1bcoq8u7xcf|     alter table member_followers         drop         foreign key FKhgd5lo2pst3vsx1bcoq8u7xcf
1652931909646|4|statement|connection 185|url jdbc:mysql://localhost:3306/noticeboard?serverTimezone=Asia/Seoul|     alter table member_followers         drop         foreign key FKkb8dvdbcqpxes22vdkldg228k|     alter table member_followers         drop         foreign key FKkb8dvdbcqpxes22vdkldg228k
1652931909653|7|statement|connection 185|url jdbc:mysql://localhost:3306/noticeboard?serverTimezone=Asia/Seoul|     drop table if exists article|     drop table if exists article
1652931909662|5|statement|connection 185|url jdbc:mysql://localhost:3306/noticeboard?serverTimezone=Asia/Seoul|     drop table if exists article_tag|     drop table if exists article_tag
1652931909669|5|statement|connection 185|url jdbc:mysql://localhost:3306/noticeboard?serverTimezone=Asia/Seoul|     drop table if exists comment|     drop table if exists comment
1652931909675|5|statement|connection 185|url jdbc:mysql://localhost:3306/noticeboard?serverTimezone=Asia/Seoul|     drop table if exists hibernate_sequence|     drop table if exists hibernate_sequence
1652931909682|5|statement|connection 185|url jdbc:mysql://localhost:3306/noticeboard?serverTimezone=Asia/Seoul|     drop table if exists member|     drop table if exists member
1652931909688|4|statement|connection 185|url jdbc:mysql://localhost:3306/noticeboard?serverTimezone=Asia/Seoul|     drop table if exists member_article|     drop table if exists member_article
1652931909694|5|statement|connection 185|url jdbc:mysql://localhost:3306/noticeboard?serverTimezone=Asia/Seoul|     drop table if exists member_followers|     drop table if exists member_followers
1652931909701|5|statement|connection 185|url jdbc:mysql://localhost:3306/noticeboard?serverTimezone=Asia/Seoul|     drop table if exists tag|     drop table if exists tag
1652932192990|8|statement|connection 185|url jdbc:mysql://localhost:3306/noticeboard?serverTimezone=Asia/Seoul|     alter table article         drop         foreign key FK6l9vkfd5ixw8o8kph5rj1k7gu|     alter table article         drop         foreign key FK6l9vkfd5ixw8o8kph5rj1k7gu
1652932192998|5|statement|connection 185|url jdbc:mysql://localhost:3306/noticeboard?serverTimezone=Asia/Seoul|     alter table article_tag         drop         foreign key FKenqeees0y8hkm7x1p1ittuuye|     alter table article_tag         drop         foreign key FKenqeees0y8hkm7x1p1ittuuye
1652932193004|4|statement|connection 185|url jdbc:mysql://localhost:3306/noticeboard?serverTimezone=Asia/Seoul|     alter table article_tag         drop         foreign key FKesqp7s9jj2wumlnhssbme5ule|     alter table article_tag         drop         foreign key FKesqp7s9jj2wumlnhssbme5ule
1652932193010|5|statement|connection 185|url jdbc:mysql://localhost:3306/noticeboard?serverTimezone=Asia/Seoul|     alter table comment         drop         foreign key FK5yx0uphgjc6ik6hb82kkw501y|     alter table comment         drop         foreign key FK5yx0uphgjc6ik6hb82kkw501y
1652932193014|3|statement|connection 185|url jdbc:mysql://localhost:3306/noticeboard?serverTimezone=Asia/Seoul|     alter table comment         drop         foreign key FKmrrrpi513ssu63i2783jyiv9m|     alter table comment         drop         foreign key FKmrrrpi513ssu63i2783jyiv9m
1652932193019|4|statement|connection 185|url jdbc:mysql://localhost:3306/noticeboard?serverTimezone=Asia/Seoul|     alter table member_article         drop         foreign key FKbs1hmlsf26g2k1qt2jkx78okr|     alter table member_article         drop         foreign key FKbs1hmlsf26g2k1qt2jkx78okr
1652932193024|4|statement|connection 185|url jdbc:mysql://localhost:3306/noticeboard?serverTimezone=Asia/Seoul|     alter table member_article         drop         foreign key FKbpoognn6x30h1aj7kdrrigcdh|     alter table member_article         drop         foreign key FKbpoognn6x30h1aj7kdrrigcdh
1652932193029|4|statement|connection 185|url jdbc:mysql://localhost:3306/noticeboard?serverTimezone=Asia/Seoul|     alter table member_followers         drop         foreign key FKhgd5lo2pst3vsx1bcoq8u7xcf|     alter table member_followers         drop         foreign key FKhgd5lo2pst3vsx1bcoq8u7xcf
1652932193034|5|statement|connection 185|url jdbc:mysql://localhost:3306/noticeboard?serverTimezone=Asia/Seoul|     alter table member_followers         drop         foreign key FKkb8dvdbcqpxes22vdkldg228k|     alter table member_followers         drop         foreign key FKkb8dvdbcqpxes22vdkldg228k
1652932193043|8|statement|connection 185|url jdbc:mysql://localhost:3306/noticeboard?serverTimezone=Asia/Seoul|     drop table if exists article|     drop table if exists article
1652932193053|7|statement|connection 185|url jdbc:mysql://localhost:3306/noticeboard?serverTimezone=Asia/Seoul|     drop table if exists article_tag|     drop table if exists article_tag
1652932193063|7|statement|connection 185|url jdbc:mysql://localhost:3306/noticeboard?serverTimezone=Asia/Seoul|     drop table if exists comment|     drop table if exists comment
1652932193072|6|statement|connection 185|url jdbc:mysql://localhost:3306/noticeboard?serverTimezone=Asia/Seoul|     drop table if exists hibernate_sequence|     drop table if exists hibernate_sequence
1652932193082|7|statement|connection 185|url jdbc:mysql://localhost:3306/noticeboard?serverTimezone=Asia/Seoul|     drop table if exists member|     drop table if exists member
1652932193091|7|statement|connection 185|url jdbc:mysql://localhost:3306/noticeboard?serverTimezone=Asia/Seoul|     drop table if exists member_article|     drop table if exists member_article
1652932193101|8|statement|connection 185|url jdbc:mysql://localhost:3306/noticeboard?serverTimezone=Asia/Seoul|     drop table if exists member_followers|     drop table if exists member_followers
1652932193110|6|statement|connection 185|url jdbc:mysql://localhost:3306/noticeboard?serverTimezone=Asia/Seoul|     drop table if exists tag|     drop table if exists tag
1652932240089|7|statement|connection 185|url jdbc:mysql://localhost:3306/noticeboard?serverTimezone=Asia/Seoul|     alter table article         drop         foreign key FK6l9vkfd5ixw8o8kph5rj1k7gu|     alter table article         drop         foreign key FK6l9vkfd5ixw8o8kph5rj1k7gu
1652932240097|5|statement|connection 185|url jdbc:mysql://localhost:3306/noticeboard?serverTimezone=Asia/Seoul|     alter table article_tag         drop         foreign key FKenqeees0y8hkm7x1p1ittuuye|     alter table article_tag         drop         foreign key FKenqeees0y8hkm7x1p1ittuuye
1652932240102|3|statement|connection 185|url jdbc:mysql://localhost:3306/noticeboard?serverTimezone=Asia/Seoul|     alter table article_tag         drop         foreign key FKesqp7s9jj2wumlnhssbme5ule|     alter table article_tag         drop         foreign key FKesqp7s9jj2wumlnhssbme5ule
1652932240107|4|statement|connection 185|url jdbc:mysql://localhost:3306/noticeboard?serverTimezone=Asia/Seoul|     alter table comment         drop         foreign key FK5yx0uphgjc6ik6hb82kkw501y|     alter table comment         drop         foreign key FK5yx0uphgjc6ik6hb82kkw501y
1652932240112|5|statement|connection 185|url jdbc:mysql://localhost:3306/noticeboard?serverTimezone=Asia/Seoul|     alter table comment         drop         foreign key FKmrrrpi513ssu63i2783jyiv9m|     alter table comment         drop         foreign key FKmrrrpi513ssu63i2783jyiv9m
1652932240116|3|statement|connection 185|url jdbc:mysql://localhost:3306/noticeboard?serverTimezone=Asia/Seoul|     alter table member_article         drop         foreign key FKbs1hmlsf26g2k1qt2jkx78okr|     alter table member_article         drop         foreign key FKbs1hmlsf26g2k1qt2jkx78okr
1652932240121|4|statement|connection 185|url jdbc:mysql://localhost:3306/noticeboard?serverTimezone=Asia/Seoul|     alter table member_article         drop         foreign key FKbpoognn6x30h1aj7kdrrigcdh|     alter table member_article         drop         foreign key FKbpoognn6x30h1aj7kdrrigcdh
1652932240125|3|statement|connection 185|url jdbc:mysql://localhost:3306/noticeboard?serverTimezone=Asia/Seoul|     alter table member_followers         drop         foreign key FKhgd5lo2pst3vsx1bcoq8u7xcf|     alter table member_followers         drop         foreign key FKhgd5lo2pst3vsx1bcoq8u7xcf
1652932240129|3|statement|connection 185|url jdbc:mysql://localhost:3306/noticeboard?serverTimezone=Asia/Seoul|     alter table member_followers         drop         foreign key FKkb8dvdbcqpxes22vdkldg228k|     alter table member_followers         drop         foreign key FKkb8dvdbcqpxes22vdkldg228k
1652932240137|8|statement|connection 185|url jdbc:mysql://localhost:3306/noticeboard?serverTimezone=Asia/Seoul|     drop table if exists article|     drop table if exists article
1652932240145|5|statement|connection 185|url jdbc:mysql://localhost:3306/noticeboard?serverTimezone=Asia/Seoul|     drop table if exists article_tag|     drop table if exists article_tag
1652932240154|6|statement|connection 185|url jdbc:mysql://localhost:3306/noticeboard?serverTimezone=Asia/Seoul|     drop table if exists comment|     drop table if exists comment
1652932240161|6|statement|connection 185|url jdbc:mysql://localhost:3306/noticeboard?serverTimezone=Asia/Seoul|     drop table if exists hibernate_sequence|     drop table if exists hibernate_sequence
1652932240168|5|statement|connection 185|url jdbc:mysql://localhost:3306/noticeboard?serverTimezone=Asia/Seoul|     drop table if exists member|     drop table if exists member
1652932240175|6|statement|connection 185|url jdbc:mysql://localhost:3306/noticeboard?serverTimezone=Asia/Seoul|     drop table if exists member_article|     drop table if exists member_article
1652932240181|4|statement|connection 185|url jdbc:mysql://localhost:3306/noticeboard?serverTimezone=Asia/Seoul|     drop table if exists member_followers|     drop table if exists member_followers
1652932240188|5|statement|connection 185|url jdbc:mysql://localhost:3306/noticeboard?serverTimezone=Asia/Seoul|     drop table if exists tag|     drop table if exists tag
1652932643500|9|statement|connection 178|url jdbc:mysql://localhost:3306/noticeboard?serverTimezone=Asia/Seoul|     alter table article         drop         foreign key FK6l9vkfd5ixw8o8kph5rj1k7gu|     alter table article         drop         foreign key FK6l9vkfd5ixw8o8kph5rj1k7gu
1652932643509|6|statement|connection 178|url jdbc:mysql://localhost:3306/noticeboard?serverTimezone=Asia/Seoul|     alter table article_tag         drop         foreign key FKenqeees0y8hkm7x1p1ittuuye|     alter table article_tag         drop         foreign key FKenqeees0y8hkm7x1p1ittuuye
1652932643517|5|statement|connection 178|url jdbc:mysql://localhost:3306/noticeboard?serverTimezone=Asia/Seoul|     alter table article_tag         drop         foreign key FKesqp7s9jj2wumlnhssbme5ule|     alter table article_tag         drop         foreign key FKesqp7s9jj2wumlnhssbme5ule
1652932643522|4|statement|connection 178|url jdbc:mysql://localhost:3306/noticeboard?serverTimezone=Asia/Seoul|     alter table comment         drop         foreign key FK5yx0uphgjc6ik6hb82kkw501y|     alter table comment         drop         foreign key FK5yx0uphgjc6ik6hb82kkw501y
1652932643527|4|statement|connection 178|url jdbc:mysql://localhost:3306/noticeboard?serverTimezone=Asia/Seoul|     alter table comment         drop         foreign key FKmrrrpi513ssu63i2783jyiv9m|     alter table comment         drop         foreign key FKmrrrpi513ssu63i2783jyiv9m
1652932643532|4|statement|connection 178|url jdbc:mysql://localhost:3306/noticeboard?serverTimezone=Asia/Seoul|     alter table member_article         drop         foreign key FKbs1hmlsf26g2k1qt2jkx78okr|     alter table member_article         drop         foreign key FKbs1hmlsf26g2k1qt2jkx78okr
1652932643536|4|statement|connection 178|url jdbc:mysql://localhost:3306/noticeboard?serverTimezone=Asia/Seoul|     alter table member_article         drop         foreign key FKbpoognn6x30h1aj7kdrrigcdh|     alter table member_article         drop         foreign key FKbpoognn6x30h1aj7kdrrigcdh
1652932643541|4|statement|connection 178|url jdbc:mysql://localhost:3306/noticeboard?serverTimezone=Asia/Seoul|     alter table member_followers         drop         foreign key FKhgd5lo2pst3vsx1bcoq8u7xcf|     alter table member_followers         drop         foreign key FKhgd5lo2pst3vsx1bcoq8u7xcf
1652932643545|4|statement|connection 178|url jdbc:mysql://localhost:3306/noticeboard?serverTimezone=Asia/Seoul|     alter table member_followers         drop         foreign key FKkb8dvdbcqpxes22vdkldg228k|     alter table member_followers         drop         foreign key FKkb8dvdbcqpxes22vdkldg228k
1652932643553|7|statement|connection 178|url jdbc:mysql://localhost:3306/noticeboard?serverTimezone=Asia/Seoul|     drop table if exists article|     drop table if exists article
1652932643561|6|statement|connection 178|url jdbc:mysql://localhost:3306/noticeboard?serverTimezone=Asia/Seoul|     drop table if exists article_tag|     drop table if exists article_tag
1652932643569|5|statement|connection 178|url jdbc:mysql://localhost:3306/noticeboard?serverTimezone=Asia/Seoul|     drop table if exists comment|     drop table if exists comment
1652932643575|5|statement|connection 178|url jdbc:mysql://localhost:3306/noticeboard?serverTimezone=Asia/Seoul|     drop table if exists hibernate_sequence|     drop table if exists hibernate_sequence
1652932643582|4|statement|connection 178|url jdbc:mysql://localhost:3306/noticeboard?serverTimezone=Asia/Seoul|     drop table if exists member|     drop table if exists member
1652932643588|5|statement|connection 178|url jdbc:mysql://localhost:3306/noticeboard?serverTimezone=Asia/Seoul|     drop table if exists member_article|     drop table if exists member_article
1652932643595|5|statement|connection 178|url jdbc:mysql://localhost:3306/noticeboard?serverTimezone=Asia/Seoul|     drop table if exists member_followers|     drop table if exists member_followers
1652932643602|5|statement|connection 178|url jdbc:mysql://localhost:3306/noticeboard?serverTimezone=Asia/Seoul|     drop table if exists tag|     drop table if exists tag
1652932921088|7|statement|connection 178|url jdbc:mysql://localhost:3306/noticeboard?serverTimezone=Asia/Seoul|     alter table article         drop         foreign key FK6l9vkfd5ixw8o8kph5rj1k7gu|     alter table article         drop         foreign key FK6l9vkfd5ixw8o8kph5rj1k7gu
1652932921096|4|statement|connection 178|url jdbc:mysql://localhost:3306/noticeboard?serverTimezone=Asia/Seoul|     alter table article_tag         drop         foreign key FKenqeees0y8hkm7x1p1ittuuye|     alter table article_tag         drop         foreign key FKenqeees0y8hkm7x1p1ittuuye
1652932921102|4|statement|connection 178|url jdbc:mysql://localhost:3306/noticeboard?serverTimezone=Asia/Seoul|     alter table article_tag         drop         foreign key FKesqp7s9jj2wumlnhssbme5ule|     alter table article_tag         drop         foreign key FKesqp7s9jj2wumlnhssbme5ule
1652932921107|4|statement|connection 178|url jdbc:mysql://localhost:3306/noticeboard?serverTimezone=Asia/Seoul|     alter table comment         drop         foreign key FK5yx0uphgjc6ik6hb82kkw501y|     alter table comment         drop         foreign key FK5yx0uphgjc6ik6hb82kkw501y
1652932921111|3|statement|connection 178|url jdbc:mysql://localhost:3306/noticeboard?serverTimezone=Asia/Seoul|     alter table comment         drop         foreign key FKmrrrpi513ssu63i2783jyiv9m|     alter table comment         drop         foreign key FKmrrrpi513ssu63i2783jyiv9m
1652932921114|2|statement|connection 178|url jdbc:mysql://localhost:3306/noticeboard?serverTimezone=Asia/Seoul|     alter table member_article         drop         foreign key FKbs1hmlsf26g2k1qt2jkx78okr|     alter table member_article         drop         foreign key FKbs1hmlsf26g2k1qt2jkx78okr
1652932921118|3|statement|connection 178|url jdbc:mysql://localhost:3306/noticeboard?serverTimezone=Asia/Seoul|     alter table member_article         drop         foreign key FKbpoognn6x30h1aj7kdrrigcdh|     alter table member_article         drop         foreign key FKbpoognn6x30h1aj7kdrrigcdh
1652932921122|3|statement|connection 178|url jdbc:mysql://localhost:3306/noticeboard?serverTimezone=Asia/Seoul|     alter table member_followers         drop         foreign key FKhgd5lo2pst3vsx1bcoq8u7xcf|     alter table member_followers         drop         foreign key FKhgd5lo2pst3vsx1bcoq8u7xcf
1652932921127|3|statement|connection 178|url jdbc:mysql://localhost:3306/noticeboard?serverTimezone=Asia/Seoul|     alter table member_followers         drop         foreign key FKkb8dvdbcqpxes22vdkldg228k|     alter table member_followers         drop         foreign key FKkb8dvdbcqpxes22vdkldg228k
1652932921132|5|statement|connection 178|url jdbc:mysql://localhost:3306/noticeboard?serverTimezone=Asia/Seoul|     drop table if exists article|     drop table if exists article
1652932921138|4|statement|connection 178|url jdbc:mysql://localhost:3306/noticeboard?serverTimezone=Asia/Seoul|     drop table if exists article_tag|     drop table if exists article_tag
1652932921144|4|statement|connection 178|url jdbc:mysql://localhost:3306/noticeboard?serverTimezone=Asia/Seoul|     drop table if exists comment|     drop table if exists comment
1652932921150|5|statement|connection 178|url jdbc:mysql://localhost:3306/noticeboard?serverTimezone=Asia/Seoul|     drop table if exists hibernate_sequence|     drop table if exists hibernate_sequence
1652932921156|4|statement|connection 178|url jdbc:mysql://localhost:3306/noticeboard?serverTimezone=Asia/Seoul|     drop table if exists member|     drop table if exists member
1652932921161|4|statement|connection 178|url jdbc:mysql://localhost:3306/noticeboard?serverTimezone=Asia/Seoul|     drop table if exists member_article|     drop table if exists member_article
1652932921167|4|statement|connection 178|url jdbc:mysql://localhost:3306/noticeboard?serverTimezone=Asia/Seoul|     drop table if exists member_followers|     drop table if exists member_followers
1652932921173|4|statement|connection 178|url jdbc:mysql://localhost:3306/noticeboard?serverTimezone=Asia/Seoul|     drop table if exists tag|     drop table if exists tag
1652932951906|9|statement|connection 178|url jdbc:mysql://localhost:3306/noticeboard?serverTimezone=Asia/Seoul|     alter table article         drop         foreign key FK6l9vkfd5ixw8o8kph5rj1k7gu|     alter table article         drop         foreign key FK6l9vkfd5ixw8o8kph5rj1k7gu
1652932951914|6|statement|connection 178|url jdbc:mysql://localhost:3306/noticeboard?serverTimezone=Asia/Seoul|     alter table article_tag         drop         foreign key FKenqeees0y8hkm7x1p1ittuuye|     alter table article_tag         drop         foreign key FKenqeees0y8hkm7x1p1ittuuye
1652932951920|4|statement|connection 178|url jdbc:mysql://localhost:3306/noticeboard?serverTimezone=Asia/Seoul|     alter table article_tag         drop         foreign key FKesqp7s9jj2wumlnhssbme5ule|     alter table article_tag         drop         foreign key FKesqp7s9jj2wumlnhssbme5ule
1652932951925|3|statement|connection 178|url jdbc:mysql://localhost:3306/noticeboard?serverTimezone=Asia/Seoul|     alter table comment         drop         foreign key FK5yx0uphgjc6ik6hb82kkw501y|     alter table comment         drop         foreign key FK5yx0uphgjc6ik6hb82kkw501y
1652932951931|5|statement|connection 178|url jdbc:mysql://localhost:3306/noticeboard?serverTimezone=Asia/Seoul|     alter table comment         drop         foreign key FKmrrrpi513ssu63i2783jyiv9m|     alter table comment         drop         foreign key FKmrrrpi513ssu63i2783jyiv9m
1652932951935|3|statement|connection 178|url jdbc:mysql://localhost:3306/noticeboard?serverTimezone=Asia/Seoul|     alter table member_article         drop         foreign key FKbs1hmlsf26g2k1qt2jkx78okr|     alter table member_article         drop         foreign key FKbs1hmlsf26g2k1qt2jkx78okr
1652932951942|6|statement|connection 178|url jdbc:mysql://localhost:3306/noticeboard?serverTimezone=Asia/Seoul|     alter table member_article         drop         foreign key FKbpoognn6x30h1aj7kdrrigcdh|     alter table member_article         drop         foreign key FKbpoognn6x30h1aj7kdrrigcdh
1652932951946|4|statement|connection 178|url jdbc:mysql://localhost:3306/noticeboard?serverTimezone=Asia/Seoul|     alter table member_followers         drop         foreign key FKhgd5lo2pst3vsx1bcoq8u7xcf|     alter table member_followers         drop         foreign key FKhgd5lo2pst3vsx1bcoq8u7xcf
1652932951950|3|statement|connection 178|url jdbc:mysql://localhost:3306/noticeboard?serverTimezone=Asia/Seoul|     alter table member_followers         drop         foreign key FKkb8dvdbcqpxes22vdkldg228k|     alter table member_followers         drop         foreign key FKkb8dvdbcqpxes22vdkldg228k
1652932951957|6|statement|connection 178|url jdbc:mysql://localhost:3306/noticeboard?serverTimezone=Asia/Seoul|     drop table if exists article|     drop table if exists article
1652932951966|6|statement|connection 178|url jdbc:mysql://localhost:3306/noticeboard?serverTimezone=Asia/Seoul|     drop table if exists article_tag|     drop table if exists article_tag
1652932951972|4|statement|connection 178|url jdbc:mysql://localhost:3306/noticeboard?serverTimezone=Asia/Seoul|     drop table if exists comment|     drop table if exists comment
1652932951978|4|statement|connection 178|url jdbc:mysql://localhost:3306/noticeboard?serverTimezone=Asia/Seoul|     drop table if exists hibernate_sequence|     drop table if exists hibernate_sequence
1652932951985|5|statement|connection 178|url jdbc:mysql://localhost:3306/noticeboard?serverTimezone=Asia/Seoul|     drop table if exists member|     drop table if exists member
1652932951991|4|statement|connection 178|url jdbc:mysql://localhost:3306/noticeboard?serverTimezone=Asia/Seoul|     drop table if exists member_article|     drop table if exists member_article
1652932951998|5|statement|connection 178|url jdbc:mysql://localhost:3306/noticeboard?serverTimezone=Asia/Seoul|     drop table if exists member_followers|     drop table if exists member_followers
1652932952004|4|statement|connection 178|url jdbc:mysql://localhost:3306/noticeboard?serverTimezone=Asia/Seoul|     drop table if exists tag|     drop table if exists tag
